<?xml version="1.0" encoding="UTF-8"?>
<testng-results skipped="0" failed="0" ignored="0" total="1" passed="1">
  <reporter-output>
  </reporter-output>
  <suite name="Default suite" duration-ms="13076" started-at="2021-01-13T14:13:49 IST" finished-at="2021-01-13T14:14:02 IST">
    <groups>
    </groups>
    <test name="Default test" duration-ms="13076" started-at="2021-01-13T14:13:49 IST" finished-at="2021-01-13T14:14:02 IST">
      <class name="resources.InitiateDriver">
        <test-method status="PASS" signature="initializeDriver()[pri:0, instance:resources.InitiateDriver@7b02881e]" name="initializeDriver" is-config="true" duration-ms="5358" started-at="2021-01-13T14:13:49 IST" finished-at="2021-01-13T14:13:55 IST">
          <reporter-output>
          </reporter-output>
        </test-method> <!-- initializeDriver -->
        <test-method status="PASS" signature="getDriver()[pri:0, instance:resources.InitiateDriver@7b02881e]" name="getDriver" duration-ms="7691" started-at="2021-01-13T14:13:55 IST" finished-at="2021-01-13T14:14:02 IST">
          <reporter-output>
          </reporter-output>
        </test-method> <!-- getDriver -->
      </class> <!-- resources.InitiateDriver -->
    </test> <!-- Default test -->
  </suite> <!-- Default suite -->
</testng-results>
